<?xml version="1.0" encoding="UTF-8"?>
<coverage generated="1569585665652" clover="3.2.0">
  <project timestamp="1569585665652" name="All files">
    <metrics statements="8" coveredstatements="8" conditionals="6" coveredconditionals="6" methods="4" coveredmethods="4" elements="18" coveredelements="18" complexity="0" loc="8" ncloc="8" packages="1" files="1" classes="1"/>
    <file name="reduce-recursive.js" path="/Users/wiliam/Documents/front/jest-pratice/src/reduce/reduce-recursive.js">
      <metrics statements="8" coveredstatements="8" conditionals="6" coveredconditionals="6" methods="4" coveredmethods="4"/>
      <line num="2" count="14" type="stmt"/>
      <line num="3" count="1" type="stmt"/>
      <line num="4" count="7" type="cond" truecount="2" falsecount="0"/>
      <line num="5" count="7" type="cond" truecount="2" falsecount="0"/>
      <line num="7" count="7" type="stmt"/>
      <line num="8" count="21" type="stmt"/>
      <line num="9" count="21" type="stmt"/>
      <line num="11" count="21" type="cond" truecount="2" falsecount="0"/>
    </file>
  </project>
</coverage>
