{"/Users/wiliam/Documents/front/jest-pratice/src/every/every-recursive.js": {"path":"/Users/wiliam/Documents/front/jest-pratice/src/every/every-recursive.js","statementMap":{"0":{"start":{"line":4,"column":4},"end":{"line":12,"column":14}},"1":{"start":{"line":5,"column":32},"end":{"line":5,"column":45}},"2":{"start":{"line":7,"column":8},"end":{"line":11,"column":50}}},"fnMap":{"0":{"name":"(anonymous_0)","decl":{"start":{"line":3,"column":15},"end":{"line":3,"column":16}},"loc":{"start":{"line":3,"column":30},"end":{"line":13,"column":1}},"line":3},"1":{"name":"everyInternal","decl":{"start":{"line":4,"column":21},"end":{"line":4,"column":34}},"loc":{"start":{"line":4,"column":59},"end":{"line":12,"column":5}},"line":4}},"branchMap":{"0":{"loc":{"start":{"line":7,"column":15},"end":{"line":11,"column":50}},"type":"cond-expr","locations":[{"start":{"line":8,"column":14},"end":{"line":8,"column":18}},{"start":{"line":9,"column":14},"end":{"line":11,"column":50}}],"line":7},"1":{"loc":{"start":{"line":9,"column":14},"end":{"line":11,"column":50}},"type":"cond-expr","locations":[{"start":{"line":10,"column":18},"end":{"line":10,"column":23}},{"start":{"line":11,"column":18},"end":{"line":11,"column":50}}],"line":9}},"s":{"0":5,"1":14,"2":14},"f":{"0":5,"1":14},"b":{"0":[4,10],"1":[1,9]},"_coverageSchema":"43e27e138ebf9cfc5966b082cf9a028302ed4184","hash":"c98c1fa2a495855d47fdc3a0cc466a40e8ad19a9"}
}
