{"/Users/wiliam/Documents/front/jest-pratice/src/reduce/reduce-recursive.js": {"path":"/Users/wiliam/Documents/front/jest-pratice/src/reduce/reduce-recursive.js","statementMap":{"0":{"start":{"line":2,"column":32},"end":{"line":2,"column":76}},"1":{"start":{"line":2,"column":50},"end":{"line":2,"column":76}},"2":{"start":{"line":3,"column":15},"end":{"line":15,"column":1}},"3":{"start":{"line":4,"column":16},"end":{"line":4,"column":77}},"4":{"start":{"line":5,"column":20},"end":{"line":5,"column":78}},"5":{"start":{"line":7,"column":4},"end":{"line":14,"column":23}},"6":{"start":{"line":8,"column":32},"end":{"line":8,"column":43}},"7":{"start":{"line":9,"column":24},"end":{"line":9,"column":71}},"8":{"start":{"line":9,"column":30},"end":{"line":9,"column":71}},"9":{"start":{"line":11,"column":8},"end":{"line":13,"column":58}}},"fnMap":{"0":{"name":"(anonymous_0)","decl":{"start":{"line":2,"column":32},"end":{"line":2,"column":33}},"loc":{"start":{"line":2,"column":50},"end":{"line":2,"column":76}},"line":2},"1":{"name":"(anonymous_1)","decl":{"start":{"line":3,"column":15},"end":{"line":3,"column":16}},"loc":{"start":{"line":3,"column":44},"end":{"line":15,"column":1}},"line":3},"2":{"name":"reduceInternal","decl":{"start":{"line":7,"column":20},"end":{"line":7,"column":34}},"loc":{"start":{"line":7,"column":71},"end":{"line":14,"column":5}},"line":7},"3":{"name":"(anonymous_3)","decl":{"start":{"line":9,"column":24},"end":{"line":9,"column":25}},"loc":{"start":{"line":9,"column":30},"end":{"line":9,"column":71}},"line":9}},"branchMap":{"0":{"loc":{"start":{"line":4,"column":16},"end":{"line":4,"column":77}},"type":"cond-expr","locations":[{"start":{"line":4,"column":56},"end":{"line":4,"column":62}},{"start":{"line":4,"column":65},"end":{"line":4,"column":77}}],"line":4},"1":{"loc":{"start":{"line":5,"column":20},"end":{"line":5,"column":78}},"type":"cond-expr","locations":[{"start":{"line":5,"column":60},"end":{"line":5,"column":72}},{"start":{"line":5,"column":75},"end":{"line":5,"column":78}}],"line":5},"2":{"loc":{"start":{"line":11,"column":15},"end":{"line":13,"column":58}},"type":"cond-expr","locations":[{"start":{"line":12,"column":14},"end":{"line":12,"column":25}},{"start":{"line":13,"column":14},"end":{"line":13,"column":58}}],"line":11}},"s":{"0":1,"1":14,"2":1,"3":7,"4":7,"5":7,"6":21,"7":21,"8":14,"9":21},"f":{"0":14,"1":7,"2":21,"3":14},"b":{"0":[3,4],"1":[3,4],"2":[7,14]},"_coverageSchema":"43e27e138ebf9cfc5966b082cf9a028302ed4184","hash":"561ce607eb8e3b5afd87a90b51ccf54fb7226b0e"}
}
